1970-01-01 08:01:40.3 INFO  [p.s.d.g.RequestsGenerator] Service Service1 drawn
1970-01-01 08:01:40.3 INFO  [p.s.d.g.RequestsGenerator] Sending request to service Service1 for path /home/estinet/PhD/impl/100MB.zip
1970-01-01 08:01:41.12 INFO  [p.s.d.g.RequestsGenerator] Response status = 200
1970-01-01 08:01:41.12 INFO  [p.s.s.Statistics] Statitstics save to file ./user-one-every-request.xlsx
1970-01-01 08:01:41.12 INFO  [p.s.d.g.RequestsGenerator] Downloading to /tmp/c0deb783-434f-4dda-b5fe-359285c811d5...
1970-01-01 08:04:16.658 INFO  [p.s.d.g.RequestsGenerator] File downloaded
1970-01-01 08:04:16.658 INFO  [p.s.d.g.RequestsGenerator] Deleting file /tmp/c0deb783-434f-4dda-b5fe-359285c811d5...
1970-01-01 08:04:16.658 INFO  [p.s.d.g.RequestsGenerator] File deleted
1970-01-01 08:04:16.658 INFO  [p.s.d.g.RequestsGenerator] Request for service Service1 completed successfully in 156655 ms.
1970-01-01 08:04:16.658 INFO  [p.s.s.Statistics] Statitstics save to file ./user-one-every-request.xlsx
1970-01-01 08:04:16.658 INFO  [p.s.d.g.RequestsGenerator] Generating next request in 5 seconds
1970-01-01 08:04:21.658 INFO  [p.s.d.g.RequestsGenerator] Service Service3 drawn
1970-01-01 08:04:21.658 INFO  [p.s.d.g.RequestsGenerator] Sending request to service Service3 for path /home/estinet/PhD/impl/100MB.zip
1970-01-01 08:04:22.667 INFO  [p.s.d.g.RequestsGenerator] Response status = 200
1970-01-01 08:04:22.667 INFO  [p.s.s.Statistics] Statitstics save to file ./user-one-every-request.xlsx
1970-01-01 08:04:22.667 INFO  [p.s.d.g.RequestsGenerator] Downloading to /tmp/49cc39ce-ad98-43e9-848f-8a956484bfff...
1970-01-01 08:05:51.856 INFO  [p.s.d.g.RequestsGenerator] File downloaded
1970-01-01 08:05:51.856 INFO  [p.s.d.g.RequestsGenerator] Deleting file /tmp/49cc39ce-ad98-43e9-848f-8a956484bfff...
1970-01-01 08:05:51.856 INFO  [p.s.d.g.RequestsGenerator] File deleted
1970-01-01 08:05:51.856 INFO  [p.s.d.g.RequestsGenerator] Request for service Service3 completed successfully in 90198 ms.
1970-01-01 08:05:51.856 INFO  [p.s.s.Statistics] Statitstics save to file ./user-one-every-request.xlsx
1970-01-01 08:05:51.856 INFO  [p.s.d.g.RequestsGenerator] Generating next request in 5 seconds
1970-01-01 08:05:56.856 INFO  [p.s.d.g.RequestsGenerator] Service Service2 drawn
1970-01-01 08:05:56.856 INFO  [p.s.d.g.RequestsGenerator] Sending request to service Service2 for path /home/estinet/PhD/impl/100MB.zip
1970-01-01 08:06:16.856 ERROR [p.s.d.g.RequestsGenerator] Request for service Service2 failed because of java.net.SocketTimeoutException: connect timed out
1970-01-01 08:06:16.856 INFO  [p.s.s.Statistics] Statitstics save to file ./user-one-every-request.xlsx
1970-01-01 08:06:16.856 INFO  [p.s.d.g.RequestsGenerator] Deleting file /tmp/1423ff7f-6e9d-406b-8a5a-859448b44ff5...
1970-01-01 08:06:16.856 ERROR [p.s.d.g.RequestsGenerator] Cannot delete file becouse of /tmp/1423ff7f-6e9d-406b-8a5a-859448b44ff5
1970-01-01 08:06:16.856 INFO  [p.s.d.g.RequestsGenerator] Generating next request in 9 seconds
1970-01-01 08:06:25.856 INFO  [p.s.d.g.RequestsGenerator] Service Service3 drawn
1970-01-01 08:06:25.856 INFO  [p.s.d.g.RequestsGenerator] Sending request to service Service3 for path /home/estinet/PhD/impl/100MB.zip
1970-01-01 08:06:26.863 INFO  [p.s.d.g.RequestsGenerator] Response status = 200
1970-01-01 08:06:26.863 INFO  [p.s.s.Statistics] Statitstics save to file ./user-one-every-request.xlsx
1970-01-01 08:06:26.863 INFO  [p.s.d.g.RequestsGenerator] Downloading to /tmp/07f3ddd8-1d35-4d10-822a-6763075aa11a...
1970-01-01 08:07:56.53 INFO  [p.s.d.g.RequestsGenerator] File downloaded
1970-01-01 08:07:56.53 INFO  [p.s.d.g.RequestsGenerator] Deleting file /tmp/07f3ddd8-1d35-4d10-822a-6763075aa11a...
1970-01-01 08:07:56.53 INFO  [p.s.d.g.RequestsGenerator] File deleted
1970-01-01 08:07:56.53 INFO  [p.s.d.g.RequestsGenerator] Request for service Service3 completed successfully in 90197 ms.
1970-01-01 08:07:56.53 INFO  [p.s.s.Statistics] Statitstics save to file ./user-one-every-request.xlsx
1970-01-01 08:07:56.53 INFO  [p.s.d.g.RequestsGenerator] Generating next request in 8 seconds
1970-01-01 08:08:04.53 INFO  [p.s.d.g.RequestsGenerator] Service Service5 drawn
1970-01-01 08:08:04.53 INFO  [p.s.d.g.RequestsGenerator] Sending request to service Service5 for path /home/estinet/PhD/impl/20MB.zip
1970-01-01 08:08:05.92 INFO  [p.s.d.g.RequestsGenerator] Response status = 200
1970-01-01 08:08:05.92 INFO  [p.s.s.Statistics] Statitstics save to file ./user-one-every-request.xlsx
1970-01-01 08:08:05.92 INFO  [p.s.d.g.RequestsGenerator] Downloading to /tmp/87fe158d-bf06-40a1-90be-94eccae3bd56...
