1970-01-01 08:00:02 [main] INFO  p.s.httpserver.HttpServerApplication - Starting HttpServerApplication v0.0.1-SNAPSHOT on localhost.localdomain with PID 28878 (/home/estinet/PhD/impl/http-server/target/http-server-0.0.1-SNAPSHOT.jar started by root in /root/.estinet/estinetss/workdir/1552897247-job/per_node/node17)
1970-01-01 08:00:02 [main] INFO  p.s.httpserver.HttpServerApplication - No active profile set, falling back to default profiles: default
1970-01-01 08:00:02 [main] INFO  o.s.b.w.e.tomcat.TomcatWebServer - Tomcat initialized with port(s): 8000 (http)
1970-01-01 08:00:02 [main] INFO  o.a.catalina.core.StandardService - Starting service [Tomcat]
1970-01-01 08:00:02 [main] INFO  o.a.catalina.core.StandardEngine - Starting Servlet engine: [Apache Tomcat/9.0.16]
1970-01-01 08:00:02 [main] INFO  o.a.c.core.AprLifecycleListener - The APR based Apache Tomcat Native library which allows optimal performance in production environments was not found on the java.library.path: [/usr/java/packages/lib/amd64:/usr/lib64:/lib64:/lib:/usr/lib]
1970-01-01 08:00:02 [main] INFO  o.a.c.c.C.[Tomcat].[localhost].[/] - Initializing Spring embedded WebApplicationContext
1970-01-01 08:00:02 [main] INFO  o.s.web.context.ContextLoader - Root WebApplicationContext: initialization completed in 12 ms
1970-01-01 08:00:02 [main] INFO  p.s.h.service.ServiceService - Loading services from file /home/estinet/PhD/impl/floodlight/scenarios/simple-polska/estinet/services.json
1970-01-01 08:00:02 [main] INFO  p.s.h.service.ServiceService - Loaded ip = fe80:0:0:0:201:ff:fe00:4d%eth0
1970-01-01 08:00:02 [main] INFO  p.s.h.service.ServiceService - Loaded ip = 2000:0:2:2:201:ff:fe00:4d%eth0
1970-01-01 08:00:02 [main] INFO  p.s.h.service.ServiceService - Loaded ip = 10.0.0.4
1970-01-01 08:00:02 [main] INFO  p.s.h.service.ServiceService - Loaded ip = 0:0:0:0:0:0:0:1%lo
1970-01-01 08:00:02 [main] INFO  p.s.h.service.ServiceService - Loaded ip = 127.0.0.1
1970-01-01 08:00:02 [main] INFO  p.s.h.service.ServiceService - Required bandwidth initialized to 1.0 Mb/s
1970-01-01 08:00:02 [main] INFO  p.s.httpserver.service.UserService - Loading users from file /home/estinet/PhD/impl/floodlight/scenarios/simple-polska/users.json
1970-01-01 08:00:02 [main] INFO  o.s.s.c.ThreadPoolTaskExecutor - Initializing ExecutorService 'applicationTaskExecutor'
1970-01-01 08:00:02 [main] INFO  o.s.b.w.e.tomcat.TomcatWebServer - Tomcat started on port(s): 8000 (http) with context path ''
1970-01-01 08:00:02 [main] INFO  p.s.httpserver.HttpServerApplication - Started HttpServerApplication in 0.012 seconds (JVM running for 0.049)
1970-01-01 08:02:36 [http-nio-8000-exec-1] INFO  o.a.c.c.C.[Tomcat].[localhost].[/] - Initializing Spring DispatcherServlet 'dispatcherServlet'
1970-01-01 08:02:36 [http-nio-8000-exec-1] INFO  o.s.web.servlet.DispatcherServlet - Initializing Servlet 'dispatcherServlet'
1970-01-01 08:02:36 [http-nio-8000-exec-1] INFO  o.s.web.servlet.DispatcherServlet - Completed initialization in 0 ms
1970-01-01 08:02:36 [http-nio-8000-exec-1] INFO  p.s.h.controller.FilesController - Got request from user User1 with ip 10.0.0.101
1970-01-01 08:02:36 [http-nio-8000-exec-1] INFO  p.s.h.controller.FilesController - Updating statistics...
1970-01-01 08:09:50 [http-nio-8000-exec-2] INFO  p.s.h.service.StatisticsService - Saving statistics to file...
1970-01-01 08:09:50 [http-nio-8000-exec-2] INFO  p.s.h.service.StatisticsService - Snapshot of statistics saved to stats.xlsx
